This is pdfTeX, Version 3.141592653-2.6-1.40.25 (MiKTeX 24.1) (preloaded format=pdflatex 2025.6.27)  28 JUN 2025 00:37
entering extended mode
 restricted \write18 enabled.
 %&-line parsing enabled.
**./attrition_report.tex
(attrition_report.tex
LaTeX2e <2023-11-01> patch level 1
L3 programming layer <2024-01-04>
(D:\Latex download\tex/latex/base\article.cls
Document Class: article 2023/05/17 v1.4n Standard LaTeX document class
(D:\Latex download\tex/latex/base\size12.clo
File: size12.clo 2023/05/17 v1.4n Standard LaTeX file (size option)
)
\c@part=\count187
\c@section=\count188
\c@subsection=\count189
\c@subsubsection=\count190
\c@paragraph=\count191
\c@subparagraph=\count192
\c@figure=\count193
\c@table=\count194
\abovecaptionskip=\skip48
\belowcaptionskip=\skip49
\bibindent=\dimen140
)
(D:\Latex download\tex/latex/base\inputenc.sty
Package: inputenc 2021/02/14 v1.3d Input encoding file
\inpenc@prehook=\toks17
\inpenc@posthook=\toks18
)
(D:\Latex download\tex/latex/base\fontenc.sty
Package: fontenc 2021/04/29 v2.0v Standard LaTeX package
)
(D:\Latex download\tex/latex/geometry\geometry.sty
Package: geometry 2020/01/02 v5.9 Page Geometry

(D:\Latex download\tex/latex/graphics\keyval.sty
Package: keyval 2022/05/29 v1.15 key=value parser (DPC)
\KV@toks@=\toks19
)
(D:\Latex download\tex/generic/iftex\ifvtex.sty
Package: ifvtex 2019/10/25 v1.7 ifvtex legacy package. Use iftex instead.

(D:\Latex download\tex/generic/iftex\iftex.sty
Package: iftex 2022/02/03 v1.0f TeX engine tests
))
\Gm@cnth=\count195
\Gm@cntv=\count196
\c@Gm@tempcnt=\count197
\Gm@bindingoffset=\dimen141
\Gm@wd@mp=\dimen142
\Gm@odd@mp=\dimen143
\Gm@even@mp=\dimen144
\Gm@layoutwidth=\dimen145
\Gm@layoutheight=\dimen146
\Gm@layouthoffset=\dimen147
\Gm@layoutvoffset=\dimen148
\Gm@dimlist=\toks20

(D:\Latex download\tex/latex/geometry\geometry.cfg))
(D:\Latex download\tex/latex/graphics\graphicx.sty
Package: graphicx 2021/09/16 v1.2d Enhanced LaTeX Graphics (DPC,SPQR)

(D:\Latex download\tex/latex/graphics\graphics.sty
Package: graphics 2022/03/10 v1.4e Standard LaTeX Graphics (DPC,SPQR)

(D:\Latex download\tex/latex/graphics\trig.sty
Package: trig 2021/08/11 v1.11 sin cos tan (DPC)
)
(D:\Latex download\tex/latex/graphics-cfg\graphics.cfg
File: graphics.cfg 2016/06/04 v1.11 sample graphics configuration
)
Package graphics Info: Driver file: pdftex.def on input line 107.

(D:\Latex download\tex/latex/graphics-def\pdftex.def
File: pdftex.def 2022/09/22 v1.2b Graphics/color driver for pdftex
))
\Gin@req@height=\dimen149
\Gin@req@width=\dimen150
)
(D:\Latex download\tex/latex/caption\caption.sty
Package: caption 2023/08/05 v3.6o Customizing captions (AR)

(D:\Latex download\tex/latex/caption\caption3.sty
Package: caption3 2023/07/31 v2.4d caption3 kernel (AR)
\caption@tempdima=\dimen151
\captionmargin=\dimen152
\caption@leftmargin=\dimen153
\caption@rightmargin=\dimen154
\caption@width=\dimen155
\caption@indent=\dimen156
\caption@parindent=\dimen157
\caption@hangindent=\dimen158
Package caption Info: Standard document class detected.
)
\c@caption@flags=\count198
\c@continuedfloat=\count199
)
(D:\Latex download\tex/latex/caption\subcaption.sty
Package: subcaption 2023/07/28 v1.6b Sub-captions (AR)
Package caption Info: New subtype `subfigure' on input line 238.
\c@subfigure=\count266
Package caption Info: New subtype `subtable' on input line 238.
\c@subtable=\count267
)
(D:\Latex download\tex/latex/booktabs\booktabs.sty
Package: booktabs 2020/01/12 v1.61803398 Publication quality tables
\heavyrulewidth=\dimen159
\lightrulewidth=\dimen160
\cmidrulewidth=\dimen161
\belowrulesep=\dimen162
\belowbottomsep=\dimen163
\aboverulesep=\dimen164
\abovetopsep=\dimen165
\cmidrulesep=\dimen166
\cmidrulekern=\dimen167
\defaultaddspace=\dimen168
\@cmidla=\count268
\@cmidlb=\count269
\@aboverulesep=\dimen169
\@belowrulesep=\dimen170
\@thisruleclass=\count270
\@lastruleclass=\count271
\@thisrulewidth=\dimen171
)
(D:\Latex download\tex/latex/amsmath\amsmath.sty
Package: amsmath 2023/05/13 v2.17o AMS math features
\@mathmargin=\skip50

For additional information on amsmath, use the `?' option.
(D:\Latex download\tex/latex/amsmath\amstext.sty
Package: amstext 2021/08/26 v2.01 AMS text

(D:\Latex download\tex/latex/amsmath\amsgen.sty
File: amsgen.sty 1999/11/30 v2.0 generic functions
\@emptytoks=\toks21
\ex@=\dimen172
))
(D:\Latex download\tex/latex/amsmath\amsbsy.sty
Package: amsbsy 1999/11/29 v1.2d Bold Symbols
\pmbraise@=\dimen173
)
(D:\Latex download\tex/latex/amsmath\amsopn.sty
Package: amsopn 2022/04/08 v2.04 operator names
)
\inf@bad=\count272
LaTeX Info: Redefining \frac on input line 234.
\uproot@=\count273
\leftroot@=\count274
LaTeX Info: Redefining \overline on input line 399.
LaTeX Info: Redefining \colon on input line 410.
\classnum@=\count275
\DOTSCASE@=\count276
LaTeX Info: Redefining \ldots on input line 496.
LaTeX Info: Redefining \dots on input line 499.
LaTeX Info: Redefining \cdots on input line 620.
\Mathstrutbox@=\box51
\strutbox@=\box52
LaTeX Info: Redefining \big on input line 722.
LaTeX Info: Redefining \Big on input line 723.
LaTeX Info: Redefining \bigg on input line 724.
LaTeX Info: Redefining \Bigg on input line 725.
\big@size=\dimen174
LaTeX Font Info:    Redeclaring font encoding OML on input line 743.
LaTeX Font Info:    Redeclaring font encoding OMS on input line 744.
\macc@depth=\count277
LaTeX Info: Redefining \bmod on input line 905.
LaTeX Info: Redefining \pmod on input line 910.
LaTeX Info: Redefining \smash on input line 940.
LaTeX Info: Redefining \relbar on input line 970.
LaTeX Info: Redefining \Relbar on input line 971.
\c@MaxMatrixCols=\count278
\dotsspace@=\muskip16
\c@parentequation=\count279
\dspbrk@lvl=\count280
\tag@help=\toks22
\row@=\count281
\column@=\count282
\maxfields@=\count283
\andhelp@=\toks23
\eqnshift@=\dimen175
\alignsep@=\dimen176
\tagshift@=\dimen177
\tagwidth@=\dimen178
\totwidth@=\dimen179
\lineht@=\dimen180
\@envbody=\toks24
\multlinegap=\skip51
\multlinetaggap=\skip52
\mathdisplay@stack=\toks25
LaTeX Info: Redefining \[ on input line 2953.
LaTeX Info: Redefining \] on input line 2954.
)
(D:\Latex download\tex/latex/amsfonts\amsfonts.sty
Package: amsfonts 2013/01/14 v3.01 Basic AMSFonts support
\symAMSa=\mathgroup4
\symAMSb=\mathgroup5
LaTeX Font Info:    Redeclaring math symbol \hbar on input line 98.
LaTeX Font Info:    Overwriting math alphabet `\mathfrak' in version `bold'
(Font)                  U/euf/m/n --> U/euf/b/n on input line 106.
)
(D:\Latex download\tex/latex/enumitem\enumitem.sty
Package: enumitem 2025/02/06 v3.11 Customized lists
\labelindent=\skip53
\enit@outerparindent=\dimen181
\enit@toks=\toks26
\enit@inbox=\box53
\enit@count@id=\count284
\enitdp@description=\count285
)
(D:\Latex download\tex/latex/hyperref\hyperref.sty
Package: hyperref 2023-11-26 v7.01g Hypertext links for LaTeX

(D:\Latex download\tex/generic/infwarerr\infwarerr.sty
Package: infwarerr 2019/12/03 v1.5 Providing info/warning/error messages (HO)
)
(D:\Latex download\tex/latex/kvsetkeys\kvsetkeys.sty
Package: kvsetkeys 2022-10-05 v1.19 Key value parser (HO)
)
(D:\Latex download\tex/generic/kvdefinekeys\kvdefinekeys.sty
Package: kvdefinekeys 2019-12-19 v1.6 Define keys (HO)
)
(D:\Latex download\tex/generic/pdfescape\pdfescape.sty
Package: pdfescape 2019/12/09 v1.15 Implements pdfTeX's escape features (HO)

(D:\Latex download\tex/generic/ltxcmds\ltxcmds.sty
Package: ltxcmds 2023-12-04 v1.26 LaTeX kernel commands for general use (HO)
)
(D:\Latex download\tex/generic/pdftexcmds\pdftexcmds.sty
Package: pdftexcmds 2020-06-27 v0.33 Utility functions of pdfTeX for LuaTeX (HO
)
Package pdftexcmds Info: \pdf@primitive is available.
Package pdftexcmds Info: \pdf@ifprimitive is available.
Package pdftexcmds Info: \pdfdraftmode found.
))
(D:\Latex download\tex/latex/hycolor\hycolor.sty
Package: hycolor 2020-01-27 v1.10 Color options for hyperref/bookmark (HO)
)
(D:\Latex download\tex/latex/letltxmacro\letltxmacro.sty
Package: letltxmacro 2019/12/03 v1.6 Let assignment for LaTeX macros (HO)
)
(D:\Latex download\tex/latex/auxhook\auxhook.sty
Package: auxhook 2019-12-17 v1.6 Hooks for auxiliary files (HO)
)
(D:\Latex download\tex/latex/hyperref\nameref.sty
Package: nameref 2023-11-26 v2.56 Cross-referencing by name of section

(D:\Latex download\tex/latex/refcount\refcount.sty
Package: refcount 2019/12/15 v3.6 Data extraction from label references (HO)
)
(D:\Latex download\tex/generic/gettitlestring\gettitlestring.sty
Package: gettitlestring 2019/12/15 v1.6 Cleanup title references (HO)

(D:\Latex download\tex/latex/kvoptions\kvoptions.sty
Package: kvoptions 2022-06-15 v3.15 Key value format for package options (HO)
))
\c@section@level=\count286
)
(D:\Latex download\tex/latex/etoolbox\etoolbox.sty
Package: etoolbox 2020/10/05 v2.5k e-TeX tools for LaTeX (JAW)
\etb@tempcnta=\count287
)
\@linkdim=\dimen182
\Hy@linkcounter=\count288
\Hy@pagecounter=\count289

(D:\Latex download\tex/latex/hyperref\pd1enc.def
File: pd1enc.def 2023-11-26 v7.01g Hyperref: PDFDocEncoding definition (HO)
Now handling font encoding PD1 ...
... no UTF-8 mapping file for font encoding PD1
)
(D:\Latex download\tex/generic/intcalc\intcalc.sty
Package: intcalc 2019/12/15 v1.3 Expandable calculations with integers (HO)
)
\Hy@SavedSpaceFactor=\count290

(D:\Latex download\tex/latex/hyperref\puenc.def
File: puenc.def 2023-11-26 v7.01g Hyperref: PDF Unicode definition (HO)
Now handling font encoding PU ...
... no UTF-8 mapping file for font encoding PU
)
Package hyperref Info: Option `colorlinks' set `true' on input line 4064.
Package hyperref Info: Hyper figures OFF on input line 4181.
Package hyperref Info: Link nesting OFF on input line 4186.
Package hyperref Info: Hyper index ON on input line 4189.
Package hyperref Info: Plain pages OFF on input line 4196.
Package hyperref Info: Backreferencing OFF on input line 4201.
Package hyperref Info: Implicit mode ON; LaTeX internals redefined.
Package hyperref Info: Bookmarks ON on input line 4448.
\c@Hy@tempcnt=\count291

(D:\Latex download\tex/latex/url\url.sty
\Urlmuskip=\muskip17
Package: url 2013/09/16  ver 3.4  Verb mode for urls, etc.
)
LaTeX Info: Redefining \url on input line 4786.
\XeTeXLinkMargin=\dimen183

(D:\Latex download\tex/generic/bitset\bitset.sty
Package: bitset 2019/12/09 v1.3 Handle bit-vector datatype (HO)

(D:\Latex download\tex/generic/bigintcalc\bigintcalc.sty
Package: bigintcalc 2019/12/15 v1.5 Expandable calculations on big integers (HO
)
))
\Fld@menulength=\count292
\Field@Width=\dimen184
\Fld@charsize=\dimen185
Package hyperref Info: Hyper figures OFF on input line 6065.
Package hyperref Info: Link nesting OFF on input line 6070.
Package hyperref Info: Hyper index ON on input line 6073.
Package hyperref Info: backreferencing OFF on input line 6080.
Package hyperref Info: Link coloring ON on input line 6083.
Package hyperref Info: Link coloring with OCG OFF on input line 6090.
Package hyperref Info: PDF/A mode OFF on input line 6095.

(D:\Latex download\tex/latex/base\atbegshi-ltx.sty
Package: atbegshi-ltx 2021/01/10 v1.0c Emulation of the original atbegshi
package with kernel methods
)
\Hy@abspage=\count293
\c@Item=\count294
\c@Hfootnote=\count295
)
Package hyperref Info: Driver (autodetected): hpdftex.

(D:\Latex download\tex/latex/hyperref\hpdftex.def
File: hpdftex.def 2023-11-26 v7.01g Hyperref driver for pdfTeX

(D:\Latex download\tex/latex/base\atveryend-ltx.sty
Package: atveryend-ltx 2020/08/19 v1.0a Emulation of the original atveryend pac
kage
with kernel methods
)
\Fld@listcount=\count296
\c@bookmark@seq@number=\count297

(D:\Latex download\tex/latex/rerunfilecheck\rerunfilecheck.sty
Package: rerunfilecheck 2022-07-10 v1.10 Rerun checks for auxiliary files (HO)

(D:\Latex download\tex/generic/uniquecounter\uniquecounter.sty
Package: uniquecounter 2019/12/15 v1.4 Provide unlimited unique counter (HO)
)
Package uniquecounter Info: New unique counter `rerunfilecheck' on input line 2
85.
)
\Hy@SectionHShift=\skip54
)
(D:\Latex download\tex/latex/xcolor\xcolor.sty
Package: xcolor 2023/11/15 v3.01 LaTeX color extensions (UK)

(D:\Latex download\tex/latex/graphics-cfg\color.cfg
File: color.cfg 2016/01/02 v1.6 sample color configuration
)
Package xcolor Info: Driver file: pdftex.def on input line 274.

(D:\Latex download\tex/latex/graphics\mathcolor.ltx)
Package xcolor Info: Model `cmy' substituted by `cmy0' on input line 1350.
Package xcolor Info: Model `hsb' substituted by `rgb' on input line 1354.
Package xcolor Info: Model `RGB' extended on input line 1366.
Package xcolor Info: Model `HTML' substituted by `rgb' on input line 1368.
Package xcolor Info: Model `Hsb' substituted by `hsb' on input line 1369.
Package xcolor Info: Model `tHsb' substituted by `hsb' on input line 1370.
Package xcolor Info: Model `HSB' substituted by `hsb' on input line 1371.
Package xcolor Info: Model `Gray' substituted by `gray' on input line 1372.
Package xcolor Info: Model `wave' substituted by `hsb' on input line 1373.
)
(D:\Latex download\tex/latex/parskip\parskip.sty
Package: parskip 2021-03-14 v2.0h non-zero parskip adjustments
)
(D:\Latex download\tex/latex/psnfss\times.sty
Package: times 2020/03/25 PSNFSS-v9.3 (SPQR) 
)
(D:\Latex download\tex/latex/float\float.sty
Package: float 2001/11/08 v1.3d Float enhancements (AL)
\c@float@type=\count298
\float@exts=\toks27
\float@box=\box54
\@float@everytoks=\toks28
\@floatcapt=\box55
)
LaTeX Font Info:    Trying to load font information for T1+ptm on input line 28
.

(D:\Latex download\tex/latex/psnfss\t1ptm.fd
File: t1ptm.fd 2001/06/04 font definitions for T1/ptm.
)
(D:\Latex download\tex/latex/l3backend\l3backend-pdftex.def
File: l3backend-pdftex.def 2024-01-04 L3 backend support: PDF output (pdfTeX)
\l__color_backend_stack_int=\count299
\l__pdf_internal_box=\box56
)
(attrition_report.aux)
\openout1 = `attrition_report.aux'.

LaTeX Font Info:    Checking defaults for OML/cmm/m/it on input line 28.
LaTeX Font Info:    ... okay on input line 28.
LaTeX Font Info:    Checking defaults for OMS/cmsy/m/n on input line 28.
LaTeX Font Info:    ... okay on input line 28.
LaTeX Font Info:    Checking defaults for OT1/cmr/m/n on input line 28.
LaTeX Font Info:    ... okay on input line 28.
LaTeX Font Info:    Checking defaults for T1/cmr/m/n on input line 28.
LaTeX Font Info:    ... okay on input line 28.
LaTeX Font Info:    Checking defaults for TS1/cmr/m/n on input line 28.
LaTeX Font Info:    ... okay on input line 28.
LaTeX Font Info:    Checking defaults for OMX/cmex/m/n on input line 28.
LaTeX Font Info:    ... okay on input line 28.
LaTeX Font Info:    Checking defaults for U/cmr/m/n on input line 28.
LaTeX Font Info:    ... okay on input line 28.
LaTeX Font Info:    Checking defaults for PD1/pdf/m/n on input line 28.
LaTeX Font Info:    ... okay on input line 28.
LaTeX Font Info:    Checking defaults for PU/pdf/m/n on input line 28.
LaTeX Font Info:    ... okay on input line 28.

*geometry* driver: auto-detecting
*geometry* detected driver: pdftex
*geometry* verbose mode - [ preamble ] result:
* driver: pdftex
* paper: a4paper
* layout: <same size as paper>
* layoutoffset:(h,v)=(0.0pt,0.0pt)
* modes: 
* h-part:(L,W,R)=(72.26999pt, 452.9679pt, 72.26999pt)
* v-part:(T,H,B)=(72.26999pt, 700.50687pt, 72.26999pt)
* \paperwidth=597.50787pt
* \paperheight=845.04684pt
* \textwidth=452.9679pt
* \textheight=700.50687pt
* \oddsidemargin=0.0pt
* \evensidemargin=0.0pt
* \topmargin=-37.0pt
* \headheight=12.0pt
* \headsep=25.0pt
* \topskip=12.0pt
* \footskip=30.0pt
* \marginparwidth=35.0pt
* \marginparsep=10.0pt
* \columnsep=10.0pt
* \skip\footins=10.8pt plus 4.0pt minus 2.0pt
* \hoffset=0.0pt
* \voffset=0.0pt
* \mag=1000
* \@twocolumnfalse
* \@twosidefalse
* \@mparswitchfalse
* \@reversemarginfalse
* (1in=72.27pt=25.4mm, 1cm=28.453pt)

(D:\Latex download\tex/context/base/mkii\supp-pdf.mkii
[Loading MPS to PDF converter (version 2006.09.02).]
\scratchcounter=\count300
\scratchdimen=\dimen186
\scratchbox=\box57
\nofMPsegments=\count301
\nofMParguments=\count302
\everyMPshowfont=\toks29
\MPscratchCnt=\count303
\MPscratchDim=\dimen187
\MPnumerator=\count304
\makeMPintoPDFobject=\count305
\everyMPtoPDFconversion=\toks30
) (D:\Latex download\tex/latex/epstopdf-pkg\epstopdf-base.sty
Package: epstopdf-base 2020-01-24 v2.11 Base part for package epstopdf
Package epstopdf-base Info: Redefining graphics rule for `.eps' on input line 4
85.

(D:\Latex download\tex/latex/00miktex\epstopdf-sys.cfg
File: epstopdf-sys.cfg 2021/03/18 v2.0 Configuration of epstopdf for MiKTeX
))
Package caption Info: Begin \AtBeginDocument code.
Package caption Info: float package is loaded.
Package caption Info: hyperref package is loaded.
Package caption Info: End \AtBeginDocument code.
Package hyperref Info: Link coloring ON on input line 28.
 (attrition_report.out) (attrition_report.out)
\@outlinefile=\write3
\openout3 = `attrition_report.out'.

LaTeX Font Info:    Trying to load font information for U+msa on input line 31.

 (D:\Latex download\tex/latex/amsfonts\umsa.fd
File: umsa.fd 2013/01/14 v3.01 AMS symbols A
)
LaTeX Font Info:    Trying to load font information for U+msb on input line 31.


(D:\Latex download\tex/latex/amsfonts\umsb.fd
File: umsb.fd 2013/01/14 v3.01 AMS symbols B
) (attrition_report.toc)
\tf@toc=\write4
\openout4 = `attrition_report.toc'.

 [1

{C:/Users/saira/AppData/Local/MiKTeX/fonts/map/pdftex/pdftex.map}{D:/Latex down
load/fonts/enc/dvips/base/8r.enc}]
Overfull \hbox (8.89653pt too wide) in paragraph at lines 39--40
\T1/ptm/m/n/12 The dataset was cleaned by re-mov-ing ir-rel-e-vant columns (Em-
ploy-eeCount, Em-ploy-eeID, Over18,
 []

<plots/attrition_bar.png, id=136, 462.528pt x 346.896pt>
File: plots/attrition_bar.png Graphic file (type png)
<use plots/attrition_bar.png>
Package pdftex.def Info: plots/attrition_bar.png  used on input line 47.
(pdftex.def)             Requested size: 271.7835pt x 203.8464pt.
<plots/attrition_age_boxplot.png, id=138, 462.528pt x 346.896pt>
File: plots/attrition_age_boxplot.png Graphic file (type png)
<use plots/attrition_age_boxplot.png>
Package pdftex.def Info: plots/attrition_age_boxplot.png  used on input line 57
.
(pdftex.def)             Requested size: 271.7835pt x 203.8464pt.
[2 <./plots/attrition_bar.png>]
<plots/attrition_income_boxplot.png, id=145, 462.528pt x 346.896pt>
File: plots/attrition_income_boxplot.png Graphic file (type png)
<use plots/attrition_income_boxplot.png>
Package pdftex.def Info: plots/attrition_income_boxplot.png  used on input line
 67.
(pdftex.def)             Requested size: 271.7835pt x 203.8464pt.
<plots/attrition_distance_boxplot.png, id=146, 462.528pt x 346.896pt>
File: plots/attrition_distance_boxplot.png Graphic file (type png)
<use plots/attrition_distance_boxplot.png>
Package pdftex.def Info: plots/attrition_distance_boxplot.png  used on input li
ne 77.
(pdftex.def)             Requested size: 271.7835pt x 203.8464pt.
 [3 <./plots/attrition_age_boxplot.png> <./plots/attrition_income_boxplot.png>]
<plots/attrition_businesstravel_countplot.png, id=155, 462.528pt x 346.896pt>
File: plots/attrition_businesstravel_countplot.png Graphic file (type png)
<use plots/attrition_businesstravel_countplot.png>
Package pdftex.def Info: plots/attrition_businesstravel_countplot.png  used on 
input line 87.
(pdftex.def)             Requested size: 271.7835pt x 203.8464pt.
<plots/attrition_department_pie.png, id=156, 462.528pt x 346.896pt>
File: plots/attrition_department_pie.png Graphic file (type png)
<use plots/attrition_department_pie.png>
Package pdftex.def Info: plots/attrition_department_pie.png  used on input line
 98.
(pdftex.def)             Requested size: 203.83417pt x 152.87819pt.
<plots/attrition_department_countplot.png, id=157, 462.528pt x 346.896pt>
File: plots/attrition_department_countplot.png Graphic file (type png)
<use plots/attrition_department_countplot.png>
Package pdftex.def Info: plots/attrition_department_countplot.png  used on inpu
t line 104.
(pdftex.def)             Requested size: 203.83417pt x 152.87819pt.
 [4 <./plots/attrition_distance_boxplot.png> <./plots/attrition_businesstravel_
countplot.png>]
<plots/attrition_jobrole_countplot.png, id=166, 462.528pt x 346.896pt>
File: plots/attrition_jobrole_countplot.png Graphic file (type png)
<use plots/attrition_jobrole_countplot.png>
Package pdftex.def Info: plots/attrition_jobrole_countplot.png  used on input l
ine 116.
(pdftex.def)             Requested size: 362.37569pt x 271.79521pt.
 [5 <./plots/attrition_department_pie.png> <./plots/attrition_department_countp
lot.png> <./plots/attrition_jobrole_countplot.png>]
<plots/attrition_education_countplot.png, id=176, 462.528pt x 346.896pt>
File: plots/attrition_education_countplot.png Graphic file (type png)
<use plots/attrition_education_countplot.png>
Package pdftex.def Info: plots/attrition_education_countplot.png  used on input
 line 126.
(pdftex.def)             Requested size: 271.7835pt x 203.8464pt.
<plots/attrition_gender_countplot.png, id=177, 462.528pt x 346.896pt>
File: plots/attrition_gender_countplot.png Graphic file (type png)
<use plots/attrition_gender_countplot.png>
Package pdftex.def Info: plots/attrition_gender_countplot.png  used on input li
ne 136.
(pdftex.def)             Requested size: 271.7835pt x 203.8464pt.
<plots/attrition_maritalstatus_countplot.png, id=178, 462.528pt x 346.896pt>
File: plots/attrition_maritalstatus_countplot.png Graphic file (type png)
<use plots/attrition_maritalstatus_countplot.png>
Package pdftex.def Info: plots/attrition_maritalstatus_countplot.png  used on i
nput line 146.
(pdftex.def)             Requested size: 271.7835pt x 203.8464pt.
 [6 <./plots/attrition_education_countplot.png> <./plots/attrition_gender_count
plot.png>]
<plots/attrition_pairplot.png, id=187, 1136.0844pt x 1084.05pt>
File: plots/attrition_pairplot.png Graphic file (type png)
<use plots/attrition_pairplot.png>
Package pdftex.def Info: plots/attrition_pairplot.png  used on input line 156.
(pdftex.def)             Requested size: 362.37569pt x 345.77829pt.
 [7 <./plots/attrition_maritalstatus_countplot.png>]
<plots/attrition_correlation_heatmap.png, id=195, 867.24pt x 108.405pt>
File: plots/attrition_correlation_heatmap.png Graphic file (type png)
<use plots/attrition_correlation_heatmap.png>
Package pdftex.def Info: plots/attrition_correlation_heatmap.png  used on input
 line 166.
(pdftex.def)             Requested size: 362.37569pt x 45.29654pt.
<plots/attrition_histogram.png, id=196, 462.528pt x 346.896pt>
File: plots/attrition_histogram.png Graphic file (type png)
<use plots/attrition_histogram.png>
Package pdftex.def Info: plots/attrition_histogram.png  used on input line 176.

(pdftex.def)             Requested size: 362.37569pt x 271.79521pt.
 [8 <./plots/attrition_pairplot.png> <./plots/attrition_correlation_heatmap.png
>]
Overfull \hbox (6.54321pt too wide) in paragraph at lines 181--182
\T1/ptm/m/n/12 nor-mally dis-tributed, while Dis-tance-FromHome and YearsS-ince
-Last-Pro-mo-tion are right-skewed,
 []

LaTeX Font Info:    Trying to load font information for TS1+ptm on input line 1
90.
(D:\Latex download\tex/latex/psnfss\ts1ptm.fd
File: ts1ptm.fd 2001/06/04 font definitions for TS1/ptm.
) [9 <./plots/attrition_histogram.png>]
Overfull \hbox (7.87439pt too wide) in paragraph at lines 214--215
[]\T1/ptm/b/n/12 Department: \T1/ptm/m/n/12 Pri-or-i-tize sup-port for 'Hu-man 
Re-sources' em-ploy-ees (at-tri-tion rate: 30.16%)
 []


Overfull \hbox (11.28279pt too wide) in paragraph at lines 219--220
[]\T1/ptm/b/n/12 TotalWorkingYears/YearsAtCompany: \T1/ptm/m/n/12 Re-tain em-pl
oy-ees with lower To-tal-Work-ingYears
 []

[10]
Overfull \hbox (1.23923pt too wide) in paragraph at lines 222--223
\T1/ptm/m/n/12 tion=Yes me-dian: 2.00, At-tri-tion=No me-dian: 3.00) through on
-board-ing, loy-alty bonuses,
 []

<plots/feature_importance_rf.png, id=215, 722.7pt x 433.62pt>
File: plots/feature_importance_rf.png Graphic file (type png)
<use plots/feature_importance_rf.png>
Package pdftex.def Info: plots/feature_importance_rf.png  used on input line 23
2.
(pdftex.def)             Requested size: 271.7835pt x 163.07025pt.
LaTeX Font Info:    Trying to load font information for T1+pcr on input line 24
0.
(D:\Latex download\tex/latex/psnfss\t1pcr.fd
File: t1pcr.fd 2001/06/04 font definitions for T1/pcr.
)
<plots/graphviz (1).png, id=216, 3155.79pt x 1024.82875pt>
File: plots/graphviz (1).png Graphic file (type png)
<use plots/graphviz (1).png>
Package pdftex.def Info: plots/graphviz (1).png  used on input line 248.
(pdftex.def)             Requested size: 362.37569pt x 117.67299pt.
 [11 <./plots/feature_importance_rf.png>] [12 <./plots/graphviz (1).png>] (attr
ition_report.aux)
 ***********
LaTeX2e <2023-11-01> patch level 1
L3 programming layer <2024-01-04>
 ***********
Package rerunfilecheck Info: File `attrition_report.out' has not changed.
(rerunfilecheck)             Checksum: 388E779783D73C4C264C65D4DF5F8333;4115.
 ) 
Here is how much of TeX's memory you used:
 12613 strings out of 474486
 200133 string characters out of 5756384
 1940542 words of memory out of 5000000
 34672 multiletter control sequences out of 15000+600000
 587953 words of font info for 84 fonts, out of 8000000 for 9000
 1141 hyphenation exceptions out of 8191
 75i,8n,79p,536b,614s stack positions out of 10000i,1000n,20000p,200000b,200000s
<D:/Latex download/fonts/type1/urw/courier/ucrr8a.pfb><D:/Latex download/font
s/type1/urw/times/utmb8a.pfb><D:/Latex download/fonts/type1/urw/times/utmr8a.pf
b>
Output written on attrition_report.pdf (12 pages, 992169 bytes).
PDF statistics:
 259 PDF objects out of 1000 (max. 8388607)
 54 named destinations out of 1000 (max. 500000)
 281 words of extra memory for PDF output out of 10000 (max. 10000000)

